TN:
SF:Restaurant_Model.js
FN:3,(anonymous_0)
FN:8,(anonymous_1)
FN:11,(anonymous_2)
FN:12,(anonymous_3)
FN:20,(anonymous_4)
FN:25,(anonymous_5)
FN:29,(anonymous_6)
FN:30,(anonymous_7)
FN:38,(anonymous_8)
FNF:9
FNH:9
FNDA:4,(anonymous_0)
FNDA:3,(anonymous_1)
FNDA:1,(anonymous_2)
FNDA:1,(anonymous_3)
FNDA:6,(anonymous_4)
FNDA:3,(anonymous_5)
FNDA:1,(anonymous_6)
FNDA:1,(anonymous_7)
FNDA:3,(anonymous_8)
DA:4,4
DA:5,4
DA:9,3
DA:12,1
DA:13,1
DA:21,6
DA:22,6
DA:26,3
DA:30,1
DA:31,1
DA:39,3
DA:40,3
DA:46,1
LF:13
LH:13
BRF:0
BRH:0
end_of_record
